<?xml version="1.0" encoding="UTF-8"?>
<testsuites name="TestCase" time="32.364" tests="9" failures="0" errors="0">
   <testsuite name="TestCase" tests="9" failures="0" errors="0" time="32.364" skipped="0" timestamp="05-03-2024T12:31:00" hostname="Administrator - 10.53.16.159" id="Test Suites/TestCase">
      <properties>
[...]
</properties>
      <testcase name="Test Cases/Test 1" time="4.344" classname="Test Cases/Test 1" status="PASSED">
         <system-out><![CDATA[05-03-2024T12:31:00 - [TEST_CASE][PASSED] - Test Cases/Test 1: Test Cases/Test 1

05-03-2024T12:31:01 - [TEST_STEP][PASSED] - openBrowser(""): Browser is opened with url: ''

05-03-2024T12:31:01 - [MESSAGE][INFO] - Starting 'Chrome' driver

05-03-2024T12:31:01 - [MESSAGE][INFO] - Action delay is set to 0 milliseconds

05-03-2024T12:31:02 - [MESSAGE][PASSED] - Browser is opened with url: ''

05-03-2024T12:31:02 - [TEST_STEP][PASSED] - navigateToUrl("http://127.0.0.1/customerphp/customer.php"): Navigate to 'http://127.0.0.1/customerphp/customer.php' successfully

05-03-2024T12:31:02 - [MESSAGE][PASSED] - Navigate to 'http://127.0.0.1/customerphp/customer.php' successfully

05-03-2024T12:31:02 - [TEST_STEP][PASSED] - setText(findTestObject("Object Repository/Page_Customer Form/input_First Name_firstName"), "johnjohn"): Text 'johnjohn' is set on object 'Object Repository/Page_Customer Form/input_First Name_firstName'

05-03-2024T12:31:03 - [MESSAGE][PASSED] - Text 'johnjohn' is set on object 'Object Repository/Page_Customer Form/input_First Name_firstName'

05-03-2024T12:31:03 - [TEST_STEP][PASSED] - setText(findTestObject("Object Repository/Page_Customer Form/input_Last Name_lastName"), "canonc"): Text 'canonc' is set on object 'Object Repository/Page_Customer Form/input_Last Name_lastName'

05-03-2024T12:31:03 - [MESSAGE][PASSED] - Text 'canonc' is set on object 'Object Repository/Page_Customer Form/input_Last Name_lastName'

05-03-2024T12:31:03 - [TEST_STEP][PASSED] - setText(findTestObject("Object Repository/Page_Customer Form/input_Age_age"), "2"): Text '2' is set on object 'Object Repository/Page_Customer Form/input_Age_age'

05-03-2024T12:31:04 - [MESSAGE][PASSED] - Text '2' is set on object 'Object Repository/Page_Customer Form/input_Age_age'

05-03-2024T12:31:04 - [TEST_STEP][PASSED] - click(findTestObject("Object Repository/Page_Customer Form/button_Submit")): Object: 'Object Repository/Page_Customer Form/button_Submit' is clicked on

05-03-2024T12:31:04 - [MESSAGE][PASSED] - Object: 'Object Repository/Page_Customer Form/button_Submit' is clicked on

05-03-2024T12:31:04 - [TEST_STEP][PASSED] - takeFullPageScreenshot("Pic/pic1.png"): Taking screenshot successfully

05-03-2024T12:31:05 - [MESSAGE][INFO] - 0 hidden object(s)

05-03-2024T12:31:05 - [MESSAGE][PASSED] - Taking screenshot successfully
[[ATTACHMENT|C:\\Users\\Administrator\\Katalon Studio\\My First Web UI Project (1)\\Reports\\25670305_123053\\TestCase\\25670305_123053\\Pic/pic1.png]]

05-03-2024T12:31:05 - [TEST_STEP][PASSED] - closeBrowser(): Browser is closed

05-03-2024T12:31:05 - [MESSAGE][PASSED] - Browser is closed]]></system-out>
         <system-err><![CDATA[]]></system-err>
      </testcase>
      <testcase name="Test Cases/Test2" time="3.479" classname="Test Cases/Test2" status="PASSED">
         <system-out><![CDATA[05-03-2024T12:31:05 - [TEST_CASE][PASSED] - Test Cases/Test2: Test Cases/Test2

05-03-2024T12:31:05 - [TEST_STEP][PASSED] - openBrowser(""): Browser is opened with url: ''

05-03-2024T12:31:05 - [MESSAGE][INFO] - Starting 'Chrome' driver

05-03-2024T12:31:05 - [MESSAGE][INFO] - Action delay is set to 0 milliseconds

05-03-2024T12:31:05 - [MESSAGE][PASSED] - Browser is opened with url: ''

05-03-2024T12:31:05 - [TEST_STEP][PASSED] - navigateToUrl("http://127.0.0.1/customerphp/customer.php"): Navigate to 'http://127.0.0.1/customerphp/customer.php' successfully

05-03-2024T12:31:06 - [MESSAGE][PASSED] - Navigate to 'http://127.0.0.1/customerphp/customer.php' successfully

05-03-2024T12:31:06 - [TEST_STEP][PASSED] - setText(findTestObject("Object Repository/Page_Customer Form/input_First Name_firstName"), "johnj"): Text 'johnj' is set on object 'Object Repository/Page_Customer Form/input_First Name_firstName'

05-03-2024T12:31:06 - [MESSAGE][PASSED] - Text 'johnj' is set on object 'Object Repository/Page_Customer Form/input_First Name_firstName'

05-03-2024T12:31:06 - [TEST_STEP][PASSED] - setText(findTestObject("Object Repository/Page_Customer Form/input_Last Name_lastName"), "canoncanoncano"): Text 'canoncanoncano' is set on object 'Object Repository/Page_Customer Form/input_Last Name_lastName'

05-03-2024T12:31:07 - [MESSAGE][PASSED] - Text 'canoncanoncano' is set on object 'Object Repository/Page_Customer Form/input_Last Name_lastName'

05-03-2024T12:31:07 - [TEST_STEP][PASSED] - setText(findTestObject("Object Repository/Page_Customer Form/input_Age_age"), "149"): Text '149' is set on object 'Object Repository/Page_Customer Form/input_Age_age'

05-03-2024T12:31:07 - [MESSAGE][PASSED] - Text '149' is set on object 'Object Repository/Page_Customer Form/input_Age_age'

05-03-2024T12:31:07 - [TEST_STEP][PASSED] - click(findTestObject("Object Repository/Page_Customer Form/button_Submit")): Object: 'Object Repository/Page_Customer Form/button_Submit' is clicked on

05-03-2024T12:31:08 - [MESSAGE][PASSED] - Object: 'Object Repository/Page_Customer Form/button_Submit' is clicked on

05-03-2024T12:31:08 - [TEST_STEP][PASSED] - takeFullPageScreenshot("Pic/pic2.png"): Taking screenshot successfully

05-03-2024T12:31:08 - [MESSAGE][INFO] - 0 hidden object(s)

05-03-2024T12:31:08 - [MESSAGE][PASSED] - Taking screenshot successfully
[[ATTACHMENT|C:\\Users\\Administrator\\Katalon Studio\\My First Web UI Project (1)\\Reports\\25670305_123053\\TestCase\\25670305_123053\\Pic/pic2.png]]

05-03-2024T12:31:08 - [TEST_STEP][PASSED] - closeBrowser(): Browser is closed

05-03-2024T12:31:08 - [MESSAGE][PASSED] - Browser is closed]]></system-out>
         <system-err><![CDATA[]]></system-err>
      </testcase>
      <testcase name="Test Cases/Test3" time="3.456" classname="Test Cases/Test3" status="PASSED">
         <system-out><![CDATA[05-03-2024T12:31:08 - [TEST_CASE][PASSED] - Test Cases/Test3: Test Cases/Test3

05-03-2024T12:31:08 - [TEST_STEP][PASSED] - openBrowser(""): Browser is opened with url: ''

05-03-2024T12:31:08 - [MESSAGE][INFO] - Starting 'Chrome' driver

05-03-2024T12:31:08 - [MESSAGE][INFO] - Action delay is set to 0 milliseconds

05-03-2024T12:31:09 - [MESSAGE][PASSED] - Browser is opened with url: ''

05-03-2024T12:31:09 - [TEST_STEP][PASSED] - navigateToUrl("http://127.0.0.1/customerphp/customer.php"): Navigate to 'http://127.0.0.1/customerphp/customer.php' successfully

05-03-2024T12:31:09 - [MESSAGE][PASSED] - Navigate to 'http://127.0.0.1/customerphp/customer.php' successfully

05-03-2024T12:31:09 - [TEST_STEP][PASSED] - setText(findTestObject("Object Repository/Page_Customer Form/input_First Name_firstName"), "johnjo"): Text 'johnjo' is set on object 'Object Repository/Page_Customer Form/input_First Name_firstName'

05-03-2024T12:31:10 - [MESSAGE][PASSED] - Text 'johnjo' is set on object 'Object Repository/Page_Customer Form/input_First Name_firstName'

05-03-2024T12:31:10 - [TEST_STEP][PASSED] - setText(findTestObject("Object Repository/Page_Customer Form/input_Last Name_lastName"), "canoncanoncanon"): Text 'canoncanoncanon' is set on object 'Object Repository/Page_Customer Form/input_Last Name_lastName'

05-03-2024T12:31:10 - [MESSAGE][PASSED] - Text 'canoncanoncanon' is set on object 'Object Repository/Page_Customer Form/input_Last Name_lastName'

05-03-2024T12:31:10 - [TEST_STEP][PASSED] - setText(findTestObject("Object Repository/Page_Customer Form/input_Age_age"), "150"): Text '150' is set on object 'Object Repository/Page_Customer Form/input_Age_age'

05-03-2024T12:31:11 - [MESSAGE][PASSED] - Text '150' is set on object 'Object Repository/Page_Customer Form/input_Age_age'

05-03-2024T12:31:11 - [TEST_STEP][PASSED] - click(findTestObject("Object Repository/Page_Customer Form/button_Submit")): Object: 'Object Repository/Page_Customer Form/button_Submit' is clicked on

05-03-2024T12:31:11 - [MESSAGE][PASSED] - Object: 'Object Repository/Page_Customer Form/button_Submit' is clicked on

05-03-2024T12:31:11 - [TEST_STEP][PASSED] - takeFullPageScreenshot("Pic/pic3.png"): Taking screenshot successfully

05-03-2024T12:31:12 - [MESSAGE][INFO] - 0 hidden object(s)

05-03-2024T12:31:12 - [MESSAGE][PASSED] - Taking screenshot successfully
[[ATTACHMENT|C:\\Users\\Administrator\\Katalon Studio\\My First Web UI Project (1)\\Reports\\25670305_123053\\TestCase\\25670305_123053\\Pic/pic3.png]]

05-03-2024T12:31:12 - [TEST_STEP][PASSED] - closeBrowser(): Browser is closed

05-03-2024T12:31:12 - [MESSAGE][PASSED] - Browser is closed]]></system-out>
         <system-err><![CDATA[]]></system-err>
      </testcase>
      <testcase name="Test Cases/Test4" time="3.454" classname="Test Cases/Test4" status="PASSED">
         <system-out><![CDATA[05-03-2024T12:31:12 - [TEST_CASE][PASSED] - Test Cases/Test4: Test Cases/Test4

05-03-2024T12:31:12 - [TEST_STEP][PASSED] - openBrowser(""): Browser is opened with url: ''

05-03-2024T12:31:12 - [MESSAGE][INFO] - Starting 'Chrome' driver

05-03-2024T12:31:12 - [MESSAGE][INFO] - Action delay is set to 0 milliseconds

05-03-2024T12:31:12 - [MESSAGE][PASSED] - Browser is opened with url: ''

05-03-2024T12:31:12 - [TEST_STEP][PASSED] - navigateToUrl("http://127.0.0.1/customerphp/customer.php"): Navigate to 'http://127.0.0.1/customerphp/customer.php' successfully

05-03-2024T12:31:12 - [MESSAGE][PASSED] - Navigate to 'http://127.0.0.1/customerphp/customer.php' successfully

05-03-2024T12:31:12 - [TEST_STEP][PASSED] - setText(findTestObject("Object Repository/Page_Customer Form/input_First Name_firstName"), "johnjohnjohnjo"): Text 'johnjohnjohnjo' is set on object 'Object Repository/Page_Customer Form/input_First Name_firstName'

05-03-2024T12:31:13 - [MESSAGE][PASSED] - Text 'johnjohnjohnjo' is set on object 'Object Repository/Page_Customer Form/input_First Name_firstName'

05-03-2024T12:31:13 - [TEST_STEP][PASSED] - setText(findTestObject("Object Repository/Page_Customer Form/input_Last Name_lastName"), "canoncan"): Text 'canoncan' is set on object 'Object Repository/Page_Customer Form/input_Last Name_lastName'

05-03-2024T12:31:14 - [MESSAGE][PASSED] - Text 'canoncan' is set on object 'Object Repository/Page_Customer Form/input_Last Name_lastName'

05-03-2024T12:31:14 - [TEST_STEP][PASSED] - setText(findTestObject("Object Repository/Page_Customer Form/input_Age_age"), "150"): Text '150' is set on object 'Object Repository/Page_Customer Form/input_Age_age'

05-03-2024T12:31:14 - [MESSAGE][PASSED] - Text '150' is set on object 'Object Repository/Page_Customer Form/input_Age_age'

05-03-2024T12:31:14 - [TEST_STEP][PASSED] - click(findTestObject("Object Repository/Page_Customer Form/button_Submit")): Object: 'Object Repository/Page_Customer Form/button_Submit' is clicked on

05-03-2024T12:31:15 - [MESSAGE][PASSED] - Object: 'Object Repository/Page_Customer Form/button_Submit' is clicked on

05-03-2024T12:31:15 - [TEST_STEP][PASSED] - takeFullPageScreenshot("Pic/pic4.png"): Taking screenshot successfully

05-03-2024T12:31:15 - [MESSAGE][INFO] - 0 hidden object(s)

05-03-2024T12:31:15 - [MESSAGE][PASSED] - Taking screenshot successfully
[[ATTACHMENT|C:\\Users\\Administrator\\Katalon Studio\\My First Web UI Project (1)\\Reports\\25670305_123053\\TestCase\\25670305_123053\\Pic/pic4.png]]

05-03-2024T12:31:15 - [TEST_STEP][PASSED] - closeBrowser(): Browser is closed

05-03-2024T12:31:15 - [MESSAGE][PASSED] - Browser is closed]]></system-out>
         <system-err><![CDATA[]]></system-err>
      </testcase>
      <testcase name="Test Cases/Test5" time="3.47" classname="Test Cases/Test5" status="PASSED">
         <system-out><![CDATA[05-03-2024T12:31:15 - [TEST_CASE][PASSED] - Test Cases/Test5: Test Cases/Test5

05-03-2024T12:31:15 - [TEST_STEP][PASSED] - openBrowser(""): Browser is opened with url: ''

05-03-2024T12:31:15 - [MESSAGE][INFO] - Starting 'Chrome' driver

05-03-2024T12:31:15 - [MESSAGE][INFO] - Action delay is set to 0 milliseconds

05-03-2024T12:31:16 - [MESSAGE][PASSED] - Browser is opened with url: ''

05-03-2024T12:31:16 - [TEST_STEP][PASSED] - navigateToUrl("http://127.0.0.1/customerphp/customer.php"): Navigate to 'http://127.0.0.1/customerphp/customer.php' successfully

05-03-2024T12:31:16 - [MESSAGE][PASSED] - Navigate to 'http://127.0.0.1/customerphp/customer.php' successfully

05-03-2024T12:31:16 - [TEST_STEP][PASSED] - setText(findTestObject("Object Repository/Page_Customer Form/input_First Name_firstName"), "johnjohnjohnjoh"): Text 'johnjohnjohnjoh' is set on object 'Object Repository/Page_Customer Form/input_First Name_firstName'

05-03-2024T12:31:17 - [MESSAGE][PASSED] - Text 'johnjohnjohnjoh' is set on object 'Object Repository/Page_Customer Form/input_First Name_firstName'

05-03-2024T12:31:17 - [TEST_STEP][PASSED] - setText(findTestObject("Object Repository/Page_Customer Form/input_Last Name_lastName"), "canoncan"): Text 'canoncan' is set on object 'Object Repository/Page_Customer Form/input_Last Name_lastName'

05-03-2024T12:31:17 - [MESSAGE][PASSED] - Text 'canoncan' is set on object 'Object Repository/Page_Customer Form/input_Last Name_lastName'

05-03-2024T12:31:17 - [TEST_STEP][PASSED] - setText(findTestObject("Object Repository/Page_Customer Form/input_Age_age"), "75"): Text '75' is set on object 'Object Repository/Page_Customer Form/input_Age_age'

05-03-2024T12:31:18 - [MESSAGE][PASSED] - Text '75' is set on object 'Object Repository/Page_Customer Form/input_Age_age'

05-03-2024T12:31:18 - [TEST_STEP][PASSED] - click(findTestObject("Object Repository/Page_Customer Form/button_Submit")): Object: 'Object Repository/Page_Customer Form/button_Submit' is clicked on

05-03-2024T12:31:18 - [MESSAGE][PASSED] - Object: 'Object Repository/Page_Customer Form/button_Submit' is clicked on

05-03-2024T12:31:18 - [TEST_STEP][PASSED] - takeFullPageScreenshot("Pic/pic5.png"): Taking screenshot successfully

05-03-2024T12:31:18 - [MESSAGE][INFO] - 0 hidden object(s)

05-03-2024T12:31:18 - [MESSAGE][PASSED] - Taking screenshot successfully
[[ATTACHMENT|C:\\Users\\Administrator\\Katalon Studio\\My First Web UI Project (1)\\Reports\\25670305_123053\\TestCase\\25670305_123053\\Pic/pic5.png]]

05-03-2024T12:31:18 - [TEST_STEP][PASSED] - closeBrowser(): Browser is closed

05-03-2024T12:31:19 - [MESSAGE][PASSED] - Browser is closed]]></system-out>
         <system-err><![CDATA[]]></system-err>
      </testcase>
      <testcase name="Test Cases/Test6" time="3.478" classname="Test Cases/Test6" status="PASSED">
         <system-out><![CDATA[05-03-2024T12:31:19 - [TEST_CASE][PASSED] - Test Cases/Test6: Test Cases/Test6

05-03-2024T12:31:19 - [TEST_STEP][PASSED] - openBrowser(""): Browser is opened with url: ''

05-03-2024T12:31:19 - [MESSAGE][INFO] - Starting 'Chrome' driver

05-03-2024T12:31:19 - [MESSAGE][INFO] - Action delay is set to 0 milliseconds

05-03-2024T12:31:19 - [MESSAGE][PASSED] - Browser is opened with url: ''

05-03-2024T12:31:19 - [TEST_STEP][PASSED] - navigateToUrl("http://127.0.0.1/customerphp/customer.php"): Navigate to 'http://127.0.0.1/customerphp/customer.php' successfully

05-03-2024T12:31:19 - [MESSAGE][PASSED] - Navigate to 'http://127.0.0.1/customerphp/customer.php' successfully

05-03-2024T12:31:19 - [TEST_STEP][PASSED] - setText(findTestObject("Object Repository/Page_Customer Form/input_First Name_firstName"), "john"): Text 'john' is set on object 'Object Repository/Page_Customer Form/input_First Name_firstName'

05-03-2024T12:31:20 - [MESSAGE][PASSED] - Text 'john' is set on object 'Object Repository/Page_Customer Form/input_First Name_firstName'

05-03-2024T12:31:20 - [TEST_STEP][PASSED] - setText(findTestObject("Object Repository/Page_Customer Form/input_Last Name_lastName"), "canoncan"): Text 'canoncan' is set on object 'Object Repository/Page_Customer Form/input_Last Name_lastName'

05-03-2024T12:31:21 - [MESSAGE][PASSED] - Text 'canoncan' is set on object 'Object Repository/Page_Customer Form/input_Last Name_lastName'

05-03-2024T12:31:21 - [TEST_STEP][PASSED] - setText(findTestObject("Object Repository/Page_Customer Form/input_Age_age"), "75"): Text '75' is set on object 'Object Repository/Page_Customer Form/input_Age_age'

05-03-2024T12:31:21 - [MESSAGE][PASSED] - Text '75' is set on object 'Object Repository/Page_Customer Form/input_Age_age'

05-03-2024T12:31:21 - [TEST_STEP][PASSED] - click(findTestObject("Object Repository/Page_Customer Form/button_Submit")): Object: 'Object Repository/Page_Customer Form/button_Submit' is clicked on

05-03-2024T12:31:22 - [MESSAGE][PASSED] - Object: 'Object Repository/Page_Customer Form/button_Submit' is clicked on

05-03-2024T12:31:22 - [TEST_STEP][PASSED] - takeFullPageScreenshot("Pic/pic6.png"): Taking screenshot successfully

05-03-2024T12:31:22 - [MESSAGE][INFO] - 0 hidden object(s)

05-03-2024T12:31:22 - [MESSAGE][PASSED] - Taking screenshot successfully
[[ATTACHMENT|C:\\Users\\Administrator\\Katalon Studio\\My First Web UI Project (1)\\Reports\\25670305_123053\\TestCase\\25670305_123053\\Pic/pic6.png]]

05-03-2024T12:31:22 - [TEST_STEP][PASSED] - closeBrowser(): Browser is closed

05-03-2024T12:31:22 - [MESSAGE][PASSED] - Browser is closed]]></system-out>
         <system-err><![CDATA[]]></system-err>
      </testcase>
      <testcase name="Test Cases/Test7" time="3.477" classname="Test Cases/Test7" status="PASSED">
         <system-out><![CDATA[05-03-2024T12:31:22 - [TEST_CASE][PASSED] - Test Cases/Test7: Test Cases/Test7

05-03-2024T12:31:22 - [TEST_STEP][PASSED] - openBrowser(""): Browser is opened with url: ''

05-03-2024T12:31:22 - [MESSAGE][INFO] - Starting 'Chrome' driver

05-03-2024T12:31:22 - [MESSAGE][INFO] - Action delay is set to 0 milliseconds

05-03-2024T12:31:23 - [MESSAGE][PASSED] - Browser is opened with url: ''

05-03-2024T12:31:23 - [TEST_STEP][PASSED] - navigateToUrl("http://127.0.0.1/customerphp/customer.php"): Navigate to 'http://127.0.0.1/customerphp/customer.php' successfully

05-03-2024T12:31:23 - [MESSAGE][PASSED] - Navigate to 'http://127.0.0.1/customerphp/customer.php' successfully

05-03-2024T12:31:23 - [TEST_STEP][PASSED] - setText(findTestObject("Object Repository/Page_Customer Form/input_First Name_firstName"), "johnjohn"): Text 'johnjohn' is set on object 'Object Repository/Page_Customer Form/input_First Name_firstName'

05-03-2024T12:31:24 - [MESSAGE][PASSED] - Text 'johnjohn' is set on object 'Object Repository/Page_Customer Form/input_First Name_firstName'

05-03-2024T12:31:24 - [TEST_STEP][PASSED] - setText(findTestObject("Object Repository/Page_Customer Form/input_Last Name_lastName"), "cano"): Text 'cano' is set on object 'Object Repository/Page_Customer Form/input_Last Name_lastName'

05-03-2024T12:31:24 - [MESSAGE][PASSED] - Text 'cano' is set on object 'Object Repository/Page_Customer Form/input_Last Name_lastName'

05-03-2024T12:31:24 - [TEST_STEP][PASSED] - setText(findTestObject("Object Repository/Page_Customer Form/input_Age_age"), "75"): Text '75' is set on object 'Object Repository/Page_Customer Form/input_Age_age'

05-03-2024T12:31:25 - [MESSAGE][PASSED] - Text '75' is set on object 'Object Repository/Page_Customer Form/input_Age_age'

05-03-2024T12:31:25 - [TEST_STEP][PASSED] - click(findTestObject("Object Repository/Page_Customer Form/button_Submit")): Object: 'Object Repository/Page_Customer Form/button_Submit' is clicked on

05-03-2024T12:31:25 - [MESSAGE][PASSED] - Object: 'Object Repository/Page_Customer Form/button_Submit' is clicked on

05-03-2024T12:31:25 - [TEST_STEP][PASSED] - takeFullPageScreenshot("Pic/pic7.png"): Taking screenshot successfully

05-03-2024T12:31:25 - [MESSAGE][INFO] - 0 hidden object(s)

05-03-2024T12:31:25 - [MESSAGE][PASSED] - Taking screenshot successfully
[[ATTACHMENT|C:\\Users\\Administrator\\Katalon Studio\\My First Web UI Project (1)\\Reports\\25670305_123053\\TestCase\\25670305_123053\\Pic/pic7.png]]

05-03-2024T12:31:25 - [TEST_STEP][PASSED] - closeBrowser(): Browser is closed

05-03-2024T12:31:26 - [MESSAGE][PASSED] - Browser is closed]]></system-out>
         <system-err><![CDATA[]]></system-err>
      </testcase>
      <testcase name="Test Cases/Test8" time="3.478" classname="Test Cases/Test8" status="PASSED">
         <system-out><![CDATA[05-03-2024T12:31:26 - [TEST_CASE][PASSED] - Test Cases/Test8: Test Cases/Test8

05-03-2024T12:31:26 - [TEST_STEP][PASSED] - openBrowser(""): Browser is opened with url: ''

05-03-2024T12:31:26 - [MESSAGE][INFO] - Starting 'Chrome' driver

05-03-2024T12:31:26 - [MESSAGE][INFO] - Action delay is set to 0 milliseconds

05-03-2024T12:31:26 - [MESSAGE][PASSED] - Browser is opened with url: ''

05-03-2024T12:31:26 - [TEST_STEP][PASSED] - navigateToUrl("http://127.0.0.1/customerphp/customer.php"): Navigate to 'http://127.0.0.1/customerphp/customer.php' successfully

05-03-2024T12:31:26 - [MESSAGE][PASSED] - Navigate to 'http://127.0.0.1/customerphp/customer.php' successfully

05-03-2024T12:31:26 - [TEST_STEP][PASSED] - setText(findTestObject("Object Repository/Page_Customer Form/input_First Name_firstName"), "johnjohn"): Text 'johnjohn' is set on object 'Object Repository/Page_Customer Form/input_First Name_firstName'

05-03-2024T12:31:27 - [MESSAGE][PASSED] - Text 'johnjohn' is set on object 'Object Repository/Page_Customer Form/input_First Name_firstName'

05-03-2024T12:31:27 - [TEST_STEP][PASSED] - setText(findTestObject("Object Repository/Page_Customer Form/input_Last Name_lastName"), "canoncan"): Text 'canoncan' is set on object 'Object Repository/Page_Customer Form/input_Last Name_lastName'

05-03-2024T12:31:28 - [MESSAGE][PASSED] - Text 'canoncan' is set on object 'Object Repository/Page_Customer Form/input_Last Name_lastName'

05-03-2024T12:31:28 - [TEST_STEP][PASSED] - setText(findTestObject("Object Repository/Page_Customer Form/input_Age_age"), "0"): Text '0' is set on object 'Object Repository/Page_Customer Form/input_Age_age'

05-03-2024T12:31:28 - [MESSAGE][PASSED] - Text '0' is set on object 'Object Repository/Page_Customer Form/input_Age_age'

05-03-2024T12:31:28 - [TEST_STEP][PASSED] - click(findTestObject("Object Repository/Page_Customer Form/button_Submit")): Object: 'Object Repository/Page_Customer Form/button_Submit' is clicked on

05-03-2024T12:31:28 - [MESSAGE][PASSED] - Object: 'Object Repository/Page_Customer Form/button_Submit' is clicked on

05-03-2024T12:31:28 - [TEST_STEP][PASSED] - takeFullPageScreenshot("Pic/pic8.png"): Taking screenshot successfully

05-03-2024T12:31:29 - [MESSAGE][INFO] - 0 hidden object(s)

05-03-2024T12:31:29 - [MESSAGE][PASSED] - Taking screenshot successfully
[[ATTACHMENT|C:\\Users\\Administrator\\Katalon Studio\\My First Web UI Project (1)\\Reports\\25670305_123053\\TestCase\\25670305_123053\\Pic/pic8.png]]

05-03-2024T12:31:29 - [TEST_STEP][PASSED] - closeBrowser(): Browser is closed

05-03-2024T12:31:29 - [MESSAGE][PASSED] - Browser is closed]]></system-out>
         <system-err><![CDATA[]]></system-err>
      </testcase>
      <testcase name="Test Cases/Test9" time="3.556" classname="Test Cases/Test9" status="PASSED">
         <system-out><![CDATA[05-03-2024T12:31:29 - [TEST_CASE][PASSED] - Test Cases/Test9: Test Cases/Test9

05-03-2024T12:31:29 - [TEST_STEP][PASSED] - openBrowser(""): Browser is opened with url: ''

05-03-2024T12:31:29 - [MESSAGE][INFO] - Starting 'Chrome' driver

05-03-2024T12:31:29 - [MESSAGE][INFO] - Action delay is set to 0 milliseconds

05-03-2024T12:31:30 - [MESSAGE][PASSED] - Browser is opened with url: ''

05-03-2024T12:31:30 - [TEST_STEP][PASSED] - navigateToUrl("http://127.0.0.1/customerphp/customer.php"): Navigate to 'http://127.0.0.1/customerphp/customer.php' successfully

05-03-2024T12:31:30 - [MESSAGE][PASSED] - Navigate to 'http://127.0.0.1/customerphp/customer.php' successfully

05-03-2024T12:31:30 - [TEST_STEP][PASSED] - setText(findTestObject("Object Repository/Page_Customer Form/input_First Name_firstName"), "johnjohn"): Text 'johnjohn' is set on object 'Object Repository/Page_Customer Form/input_First Name_firstName'

05-03-2024T12:31:31 - [MESSAGE][PASSED] - Text 'johnjohn' is set on object 'Object Repository/Page_Customer Form/input_First Name_firstName'

05-03-2024T12:31:31 - [TEST_STEP][PASSED] - setText(findTestObject("Object Repository/Page_Customer Form/input_Last Name_lastName"), "canoncan"): Text 'canoncan' is set on object 'Object Repository/Page_Customer Form/input_Last Name_lastName'

05-03-2024T12:31:31 - [MESSAGE][PASSED] - Text 'canoncan' is set on object 'Object Repository/Page_Customer Form/input_Last Name_lastName'

05-03-2024T12:31:31 - [TEST_STEP][PASSED] - setText(findTestObject("Object Repository/Page_Customer Form/input_Age_age"), "151"): Text '151' is set on object 'Object Repository/Page_Customer Form/input_Age_age'

05-03-2024T12:31:32 - [MESSAGE][PASSED] - Text '151' is set on object 'Object Repository/Page_Customer Form/input_Age_age'

05-03-2024T12:31:32 - [TEST_STEP][PASSED] - click(findTestObject("Object Repository/Page_Customer Form/button_Submit")): Object: 'Object Repository/Page_Customer Form/button_Submit' is clicked on

05-03-2024T12:31:32 - [MESSAGE][PASSED] - Object: 'Object Repository/Page_Customer Form/button_Submit' is clicked on

05-03-2024T12:31:32 - [TEST_STEP][PASSED] - takeFullPageScreenshot("Pic/pic9.png"): Taking screenshot successfully

05-03-2024T12:31:32 - [MESSAGE][INFO] - 0 hidden object(s)

05-03-2024T12:31:32 - [MESSAGE][PASSED] - Taking screenshot successfully
[[ATTACHMENT|C:\\Users\\Administrator\\Katalon Studio\\My First Web UI Project (1)\\Reports\\25670305_123053\\TestCase\\25670305_123053\\Pic/pic9.png]]

05-03-2024T12:31:32 - [TEST_STEP][PASSED] - closeBrowser(): Browser is closed

05-03-2024T12:31:33 - [MESSAGE][PASSED] - Browser is closed]]></system-out>
         <system-err><![CDATA[]]></system-err>
      </testcase>
      <system-out><![CDATA[05-03-2024T12:31:00 - [TEST_SUITE][PASSED] - TestCase: Test Cases/Test9]]></system-out>
      <system-err><![CDATA[]]></system-err>
   </testsuite>
</testsuites>
